#
# There is insufficient memory for the Java Runtime Environment to continue.
# Native memory allocation (mmap) failed to map 266338304 bytes for Failed to commit area from 0x0000000702800000 to 0x0000000712600000 of length 266338304.
# Possible reasons:
#   The system is out of physical RAM or swap space
#   The process is running with CompressedOops enabled, and the Java Heap may be blocking the growth of the native heap
# Possible solutions:
#   Reduce memory load on the system
#   Increase physical memory or swap space
#   Check if swap backing store is full
#   Decrease Java heap size (-Xmx/-Xms)
#   Decrease number of Java threads
#   Decrease Java thread stack sizes (-Xss)
#   Set larger code cache with -XX:ReservedCodeCacheSize=
# This output file may be truncated or incomplete.
#
#  Out of Memory Error (./src/hotspot/os/windows/os_windows.cpp:3387), pid=27168, tid=16368
#
# JRE version:  (11.0.14.1+1) (build )
# Java VM: OpenJDK 64-Bit Server VM (11.0.14.1+1, mixed mode, sharing, tiered, compressed oops, g1 gc, windows-amd64)
# No core dump will be written. Minidumps are not enabled by default on client versions of Windows
#

---------------  S U M M A R Y ------------

Command Line: -Dfile.encoding=UTF-8 

Host: Intel(R) Core(TM) i7-9750H CPU @ 2.60GHz, 12 cores, 15G,  Windows 10 , 64 bit Build 19041 (10.0.19041.3570)
Time: Thu Nov  9 16:02:21 2023 Paris, Madrid elapsed time: 0.066337 seconds (0d 0h 0m 0s)

---------------  T H R E A D  ---------------

Current thread (0x000001c81cd6e000):  JavaThread "Unknown thread" [_thread_in_vm, id=16368, stack(0x0000005149400000,0x0000005149500000)]

Stack: [0x0000005149400000,0x0000005149500000]
Native frames: (J=compiled Java code, j=interpreted, Vv=VM code, C=native code)
V  [jvm.dll+0x61e59a]
V  [jvm.dll+0x7aaca9]
V  [jvm.dll+0x7ac398]
V  [jvm.dll+0x7aca73]
V  [jvm.dll+0x24f9b8]
V  [jvm.dll+0x61b83a]
V  [jvm.dll+0x6100c5]
V  [jvm.dll+0x30772c]
V  [jvm.dll+0x3075b2]
V  [jvm.dll+0x30c2d6]
V  [jvm.dll+0x35272f]
V  [jvm.dll+0x352160]
V  [jvm.dll+0x2e4728]
V  [jvm.dll+0x2e5886]
V  [jvm.dll+0x784b07]
V  [jvm.dll+0x78628f]
V  [jvm.dll+0x35f479]
V  [jvm.dll+0x767aa0]
V  [jvm.dll+0x3ccf1f]
V  [jvm.dll+0x3cf2b1]
C  [jli.dll+0x5207]
C  [ucrtbase.dll+0x21bb2]
C  [KERNEL32.DLL+0x17344]
C  [ntdll.dll+0x526b1]


---------------  P R O C E S S  ---------------

Threads class SMR info:
_java_thread_list=0x000001c81abe11a0, length=0, elements={
}

Java Threads: ( => current thread )

Other Threads:
  0x000001c81cd89000 GCTaskThread "GC Thread#0" [stack: 0x0000005149500000,0x0000005149600000] [id=18508]
  0x000001c81cde5800 ConcurrentGCThread "G1 Main Marker" [stack: 0x0000005149600000,0x0000005149700000] [id=25496]
  0x000001c81cde7000 ConcurrentGCThread "G1 Conc#0" [stack: 0x0000005149700000,0x0000005149800000] [id=15636]

[error occurred during error reporting (printing all threads), id 0xc0000005, EXCEPTION_ACCESS_VIOLATION (0xc0000005) at pc=0x00007ff91b483ef7]

VM state:not at safepoint (not fully initialized)

VM Mutex/Monitor currently owned by a thread:  ([mutex/lock_event])
[0x000001c81cd69040] Heap_lock - owner thread: 0x000001c81cd6e000

Heap address: 0x0000000702800000, size: 4056 MB, Compressed Oops mode: Non-zero based: 0x0000000702800000
Narrow klass base: 0x0000000000000000, Narrow klass shift: 0

GC Heap History (0 events):
No events

Deoptimization events (0 events):
No events

Classes redefined (0 events):
No events

Internal exceptions (0 events):
No events

Events (1 events):
Event: 0.039 Loaded shared library C:\Program Files\Unity\Hub\Editor\2022.3.10f1\Editor\Data\PlaybackEngines\AndroidPlayer\OpenJDK\bin\zip.dll


Dynamic libraries:
0x00007ff71c090000 - 0x00007ff71c09d000 	C:\Program Files\Unity\Hub\Editor\2022.3.10f1\Editor\Data\PlaybackEngines\AndroidPlayer\OpenJDK\bin\java.exe
0x00007ff9da590000 - 0x00007ff9da787000 	C:\WINDOWS\SYSTEM32\ntdll.dll
0x00007ff9da480000 - 0x00007ff9da53d000 	C:\WINDOWS\System32\KERNEL32.DLL
0x00007ff9d7d70000 - 0x00007ff9d8066000 	C:\WINDOWS\System32\KERNELBASE.dll
0x00007ff9d7c70000 - 0x00007ff9d7d70000 	C:\WINDOWS\System32\ucrtbase.dll
0x00007ff9d0d40000 - 0x00007ff9d0d57000 	C:\Program Files\Unity\Hub\Editor\2022.3.10f1\Editor\Data\PlaybackEngines\AndroidPlayer\OpenJDK\bin\jli.dll
0x00007ff9cb550000 - 0x00007ff9cb565000 	C:\Program Files\Unity\Hub\Editor\2022.3.10f1\Editor\Data\PlaybackEngines\AndroidPlayer\OpenJDK\bin\VCRUNTIME140.dll
0x00007ff9d8cf0000 - 0x00007ff9d8e8e000 	C:\WINDOWS\System32\USER32.dll
0x00007ff9d8510000 - 0x00007ff9d8532000 	C:\WINDOWS\System32\win32u.dll
0x00007ff9bd700000 - 0x00007ff9bd99a000 	C:\WINDOWS\WinSxS\amd64_microsoft.windows.common-controls_6595b64144ccf1df_6.0.19041.3570_none_60bb2a3971f3e41a\COMCTL32.dll
0x00007ff9d86c0000 - 0x00007ff9d86ec000 	C:\WINDOWS\System32\GDI32.dll
0x00007ff9d9800000 - 0x00007ff9d989e000 	C:\WINDOWS\System32\msvcrt.dll
0x00007ff9d8100000 - 0x00007ff9d821a000 	C:\WINDOWS\System32\gdi32full.dll
0x00007ff9d8220000 - 0x00007ff9d82bd000 	C:\WINDOWS\System32\msvcp_win.dll
0x00007ff9d8be0000 - 0x00007ff9d8c10000 	C:\WINDOWS\System32\IMM32.DLL
0x00007ff95d1d0000 - 0x00007ff95d26b000 	C:\Program Files\Unity\Hub\Editor\2022.3.10f1\Editor\Data\PlaybackEngines\AndroidPlayer\OpenJDK\bin\msvcp140.dll
0x00007ff91b190000 - 0x00007ff91bd11000 	C:\Program Files\Unity\Hub\Editor\2022.3.10f1\Editor\Data\PlaybackEngines\AndroidPlayer\OpenJDK\bin\server\jvm.dll
0x00007ff9d96d0000 - 0x00007ff9d977e000 	C:\WINDOWS\System32\ADVAPI32.dll
0x00007ff9d9b80000 - 0x00007ff9d9c1c000 	C:\WINDOWS\System32\sechost.dll
0x00007ff9d98a0000 - 0x00007ff9d99c6000 	C:\WINDOWS\System32\RPCRT4.dll
0x00007ff9da540000 - 0x00007ff9da548000 	C:\WINDOWS\System32\PSAPI.DLL
0x00007ff9bb6d0000 - 0x00007ff9bb6f7000 	C:\WINDOWS\SYSTEM32\WINMM.dll
0x00007ff9c76d0000 - 0x00007ff9c76d9000 	C:\WINDOWS\SYSTEM32\WSOCK32.dll
0x00007ff9d9780000 - 0x00007ff9d97eb000 	C:\WINDOWS\System32\WS2_32.dll
0x00007ff9d06b0000 - 0x00007ff9d06ba000 	C:\WINDOWS\SYSTEM32\VERSION.dll
0x00007ff9d59f0000 - 0x00007ff9d5a02000 	C:\WINDOWS\SYSTEM32\kernel.appcore.dll
0x00007ff9d23c0000 - 0x00007ff9d23d0000 	C:\Program Files\Unity\Hub\Editor\2022.3.10f1\Editor\Data\PlaybackEngines\AndroidPlayer\OpenJDK\bin\verify.dll
0x00007ff9caa90000 - 0x00007ff9cac74000 	C:\WINDOWS\SYSTEM32\DBGHELP.DLL
0x00007ff9c74d0000 - 0x00007ff9c7504000 	C:\WINDOWS\SYSTEM32\dbgcore.DLL
0x00007ff9d8070000 - 0x00007ff9d80f2000 	C:\WINDOWS\System32\bcryptPrimitives.dll
0x00007ff9cb4a0000 - 0x00007ff9cb4c8000 	C:\Program Files\Unity\Hub\Editor\2022.3.10f1\Editor\Data\PlaybackEngines\AndroidPlayer\OpenJDK\bin\java.dll
0x00007ff9cb540000 - 0x00007ff9cb54a000 	C:\Program Files\Unity\Hub\Editor\2022.3.10f1\Editor\Data\PlaybackEngines\AndroidPlayer\OpenJDK\bin\jimage.dll
0x00007ff9bf180000 - 0x00007ff9bf198000 	C:\Program Files\Unity\Hub\Editor\2022.3.10f1\Editor\Data\PlaybackEngines\AndroidPlayer\OpenJDK\bin\zip.dll

dbghelp: loaded successfully - version: 4.0.5 - missing functions: none
symbol engine: initialized successfully - sym options: 0x614 - pdb path: .;C:\Program Files\Unity\Hub\Editor\2022.3.10f1\Editor\Data\PlaybackEngines\AndroidPlayer\OpenJDK\bin;C:\WINDOWS\SYSTEM32;C:\WINDOWS\WinSxS\amd64_microsoft.windows.common-controls_6595b64144ccf1df_6.0.19041.3570_none_60bb2a3971f3e41a;C:\Program Files\Unity\Hub\Editor\2022.3.10f1\Editor\Data\PlaybackEngines\AndroidPlayer\OpenJDK\bin\server

VM Arguments:
jvm_args: -Dfile.encoding=UTF-8 
java_command: <unknown>
java_class_path (initial): <not set>
Launcher Type: SUN_STANDARD

[Global flags]
     intx CICompilerCount                          = 4                                         {product} {ergonomic}
     uint ConcGCThreads                            = 3                                         {product} {ergonomic}
     uint G1ConcRefinementThreads                  = 10                                        {product} {ergonomic}
   size_t G1HeapRegionSize                         = 1048576                                   {product} {ergonomic}
    uintx GCDrainStackTargetSize                   = 64                                        {product} {ergonomic}
   size_t InitialHeapSize                          = 266338304                                 {product} {ergonomic}
   size_t MarkStackSize                            = 4194304                                   {product} {ergonomic}
   size_t MaxHeapSize                              = 4253024256                                {product} {ergonomic}
   size_t MinHeapDeltaBytes                        = 1048576                                   {product} {ergonomic}
    uintx NonNMethodCodeHeapSize                   = 5836300                                {pd product} {ergonomic}
    uintx NonProfiledCodeHeapSize                  = 122910970                              {pd product} {ergonomic}
    uintx ProfiledCodeHeapSize                     = 122910970                              {pd product} {ergonomic}
    uintx ReservedCodeCacheSize                    = 251658240                              {pd product} {ergonomic}
     bool SegmentedCodeCache                       = true                                      {product} {ergonomic}
     bool UseCompressedClassPointers               = true                                 {lp64_product} {ergonomic}
     bool UseCompressedOops                        = true                                 {lp64_product} {ergonomic}
     bool UseG1GC                                  = true                                      {product} {ergonomic}
     bool UseLargePagesIndividualAllocation        = false                                  {pd product} {ergonomic}

Logging:
Log output configuration:
 #0: stdout all=warning uptime,level,tags
 #1: stderr all=off uptime,level,tags

Environment Variables:
JAVA_TOOL_OPTIONS=-Dfile.encoding=UTF-8
PATH=C:\Program Files\Oculus\Support\oculus-runtime;C:\Program Files\Common Files\Oracle\Java\javapath;C:\app\SGBD\product\12.1.0\dbhome_1\bin;C:\Windows\system32;C:\Windows;C:\Windows\System32\Wbem;C:\Windows\System32\WindowsPowerShell\v1.0\;C:\Windows\System32\OpenSSH\;C:\Program Files\NVIDIA Corporation\NVIDIA NvDLISR;C:\Program Files\Java\jdk-14.0.2\bin;C:\Program Files\Git\cmd;C:\Program Files\PuTTY\;C:\WINDOWS\system32;C:\WINDOWS;C:\WINDOWS\System32\Wbem;C:\WINDOWS\System32\WindowsPowerShell\v1.0\;C:\WINDOWS\System32\OpenSSH\;C:\Users\Fedi\PycharmProjects\venv\Lib\site-packages\selenium;C:\Users\Fedi\apache-maven-3.8.1\bin;C:\Program Files (x86)\Windows Kits\8.1\Windows Performance Toolkit\;C:\Program Files\dotnet\;C:\ffmpeg\bin;C:\Program Files\nodejs\;C:\Program Files (x86)\Windows Kits\10\Windows Performance Toolkit\;C:\Users\Fedi\AppData\Local\Microsoft\WindowsApps;C:\Program Files (x86)\Nmap;C:\Program Files\Java\jdk-14.0.2\bin;C:\Users\Fedi\AppData\Local\gitkraken\bin;C:\Program Files\PostgreSQL\13\bin;C:\Program Files\heroku\bin;C:\Users\Fedi\anaconda3\Library\bin\graphviz;C:\Users\Fedi\AppData\Local\Microsoft\WindowsApps;C:\Users\Fedi\apache-maven-3.8.1;%M3_HOME%bin;C:\Users\Fedi\apache-maven-3.8.1\bin;C:\Program Files\Graphviz\bin;C:\Users\Fedi\AppData\Local\Programs\Microsoft VS Code\bin;C:\Users\Fedi\AppData\Local\GitHubDesktop\bin;C:\Program Files\CMake\bin;C:\Users\Fedi\AppData\Roaming\npm
USERNAME=Fedi
OS=Windows_NT
PROCESSOR_IDENTIFIER=Intel64 Family 6 Model 158 Stepping 10, GenuineIntel



---------------  S Y S T E M  ---------------

OS: Windows 10 , 64 bit Build 19041 (10.0.19041.3570)
OS uptime: 2 days 6:26 hours
Hyper-V role detected

CPU:total 12 (initial active 12) (6 cores per cpu, 2 threads per core) family 6 model 158 stepping 10 microcode 0xb4, cmov, cx8, fxsr, mmx, sse, sse2, sse3, ssse3, sse4.1, sse4.2, popcnt, avx, avx2, aes, clmul, erms, 3dnowpref, lzcnt, ht, tsc, tscinvbit, bmi1, bmi2, adx, fma

Memory: 4k page, system-wide physical 16221M (1871M free)
TotalPageFile size 29358M (AvailPageFile size 224M)
current process WorkingSet (physical memory assigned to process): 10M, peak: 10M
current process commit charge ("private bytes"): 64M, peak: 318M

vm_info: OpenJDK 64-Bit Server VM (11.0.14.1+1) for windows-amd64 JRE (11.0.14.1+1), built on Feb  9 2022 01:48:27 by "" with unknown MS VC++:1916

END.
